Determining if the pthread_create exist failed with the following output:
Change Dir: /home/tonitauler/unitree_ws/src/unitree_ros_to_real/unitree_legged_real/build/CMakeFiles/CMakeTmp

Run Build Command:"/usr/bin/make" "cmTC_60a6a/fast"
/usr/bin/make -f CMakeFiles/cmTC_60a6a.dir/build.make CMakeFiles/cmTC_60a6a.dir/build
make[1]: Entering directory '/home/tonitauler/unitree_ws/src/unitree_ros_to_real/unitree_legged_real/build/CMakeFiles/CMakeTmp'
Building C object CMakeFiles/cmTC_60a6a.dir/CheckSymbolExists.c.o
/usr/bin/cc    -o CMakeFiles/cmTC_60a6a.dir/CheckSymbolExists.c.o   -c /home/tonitauler/unitree_ws/src/unitree_ros_to_real/unitree_legged_real/build/CMakeFiles/CMakeTmp/CheckSymbolExists.c
Linking C executable cmTC_60a6a
/usr/bin/cmake -E cmake_link_script CMakeFiles/cmTC_60a6a.dir/link.txt --verbose=1
/usr/bin/cc      -rdynamic CMakeFiles/cmTC_60a6a.dir/CheckSymbolExists.c.o  -o cmTC_60a6a 
CMakeFiles/cmTC_60a6a.dir/CheckSymbolExists.c.o: In function `main':
CheckSymbolExists.c:(.text+0x1b): undefined reference to `pthread_create'
collect2: error: ld returned 1 exit status
CMakeFiles/cmTC_60a6a.dir/build.make:97: recipe for target 'cmTC_60a6a' failed
make[1]: *** [cmTC_60a6a] Error 1
make[1]: Leaving directory '/home/tonitauler/unitree_ws/src/unitree_ros_to_real/unitree_legged_real/build/CMakeFiles/CMakeTmp'
Makefile:126: recipe for target 'cmTC_60a6a/fast' failed
make: *** [cmTC_60a6a/fast] Error 2

File /home/tonitauler/unitree_ws/src/unitree_ros_to_real/unitree_legged_real/build/CMakeFiles/CMakeTmp/CheckSymbolExists.c:
/* */
#include <pthread.h>

int main(int argc, char** argv)
{
  (void)argv;
#ifndef pthread_create
  return ((int*)(&pthread_create))[argc];
#else
  (void)argc;
  return 0;
#endif
}

Determining if the function pthread_create exists in the pthreads failed with the following output:
Change Dir: /home/tonitauler/unitree_ws/src/unitree_ros_to_real/unitree_legged_real/build/CMakeFiles/CMakeTmp

Run Build Command:"/usr/bin/make" "cmTC_cdc53/fast"
/usr/bin/make -f CMakeFiles/cmTC_cdc53.dir/build.make CMakeFiles/cmTC_cdc53.dir/build
make[1]: Entering directory '/home/tonitauler/unitree_ws/src/unitree_ros_to_real/unitree_legged_real/build/CMakeFiles/CMakeTmp'
Building C object CMakeFiles/cmTC_cdc53.dir/CheckFunctionExists.c.o
/usr/bin/cc   -DCHECK_FUNCTION_EXISTS=pthread_create   -o CMakeFiles/cmTC_cdc53.dir/CheckFunctionExists.c.o   -c /usr/share/cmake-3.10/Modules/CheckFunctionExists.c
Linking C executable cmTC_cdc53
/usr/bin/cmake -E cmake_link_script CMakeFiles/cmTC_cdc53.dir/link.txt --verbose=1
/usr/bin/cc  -DCHECK_FUNCTION_EXISTS=pthread_create    -rdynamic CMakeFiles/cmTC_cdc53.dir/CheckFunctionExists.c.o  -o cmTC_cdc53 -lpthreads 
/usr/bin/ld: cannot find -lpthreads
collect2: error: ld returned 1 exit status
CMakeFiles/cmTC_cdc53.dir/build.make:97: recipe for target 'cmTC_cdc53' failed
make[1]: *** [cmTC_cdc53] Error 1
make[1]: Leaving directory '/home/tonitauler/unitree_ws/src/unitree_ros_to_real/unitree_legged_real/build/CMakeFiles/CMakeTmp'
Makefile:126: recipe for target 'cmTC_cdc53/fast' failed
make: *** [cmTC_cdc53/fast] Error 2


